4月 15, 2021 2:13:58 下午 com.genuitec.pulse.client.deliverypackage.runtime.internal.Activator initializeLoggers
信息: Package starting up at Thu Apr 15 14:13:58 CST 2021
4月 15, 2021 3:45:59 下午 org.eclipse.lsp4j.jsonrpc.RemoteEndpoint notify
警告: Failed to send notification message.
org.eclipse.lsp4j.jsonrpc.JsonRpcException: java.io.IOException: Stream closed
	at org.eclipse.lsp4j.jsonrpc.json.StreamMessageConsumer.consume(StreamMessageConsumer.java:72)
	at org.eclipse.lsp4e.LanguageServerWrapper.lambda$1(LanguageServerWrapper.java:243)
	at org.eclipse.lsp4j.jsonrpc.RemoteEndpoint.notify(RemoteEndpoint.java:126)
	at org.eclipse.lsp4j.jsonrpc.services.EndpointProxy.invoke(EndpointProxy.java:88)
	at com.sun.proxy.$Proxy93.propertiesChanged(Unknown Source)
	at org.jboss.tools.quarkus.lsp4e.QuarkusLanguageClient.lambda$0(QuarkusLanguageClient.java:60)
	at com.redhat.microprofile.jdt.internal.core.MicroProfilePropertiesListenerManager$MicroProfileListener.lambda$0(MicroProfilePropertiesListenerManager.java:174)
	at java.base/java.util.concurrent.CompletableFuture$AsyncRun.run(CompletableFuture.java:1800)
	at java.base/java.util.concurrent.CompletableFuture$AsyncRun.exec(CompletableFuture.java:1792)
	at java.base/java.util.concurrent.ForkJoinTask.doExec(ForkJoinTask.java:290)
	at java.base/java.util.concurrent.ForkJoinPool$WorkQueue.topLevelExec(ForkJoinPool.java:1016)
	at java.base/java.util.concurrent.ForkJoinPool.scan(ForkJoinPool.java:1665)
	at java.base/java.util.concurrent.ForkJoinPool.runWorker(ForkJoinPool.java:1598)
	at java.base/java.util.concurrent.ForkJoinWorkerThread.run(ForkJoinWorkerThread.java:183)
Caused by: java.io.IOException: Stream closed
	at java.base/java.lang.ProcessBuilder$NullOutputStream.write(ProcessBuilder.java:442)
	at java.base/java.io.OutputStream.write(OutputStream.java:162)
	at java.base/java.io.BufferedOutputStream.flushBuffer(BufferedOutputStream.java:81)
	at java.base/java.io.BufferedOutputStream.flush(BufferedOutputStream.java:142)
	at org.eclipse.lsp4j.jsonrpc.json.StreamMessageConsumer.consume(StreamMessageConsumer.java:69)
	... 13 more

4月 15, 2021 3:46:30 下午 org.eclipse.lsp4j.jsonrpc.RemoteEndpoint notify
警告: Failed to send notification message.
org.eclipse.lsp4j.jsonrpc.JsonRpcException: java.io.IOException: Stream closed
	at org.eclipse.lsp4j.jsonrpc.json.StreamMessageConsumer.consume(StreamMessageConsumer.java:72)
	at org.eclipse.lsp4e.LanguageServerWrapper.lambda$1(LanguageServerWrapper.java:243)
	at org.eclipse.lsp4j.jsonrpc.RemoteEndpoint.notify(RemoteEndpoint.java:126)
	at org.eclipse.lsp4j.jsonrpc.services.EndpointProxy.invoke(EndpointProxy.java:88)
	at com.sun.proxy.$Proxy93.propertiesChanged(Unknown Source)
	at org.jboss.tools.quarkus.lsp4e.QuarkusLanguageClient.lambda$0(QuarkusLanguageClient.java:60)
	at com.redhat.microprofile.jdt.internal.core.MicroProfilePropertiesListenerManager$MicroProfileListener.lambda$0(MicroProfilePropertiesListenerManager.java:174)
	at java.base/java.util.concurrent.CompletableFuture$AsyncRun.run(CompletableFuture.java:1800)
	at java.base/java.util.concurrent.CompletableFuture$AsyncRun.exec(CompletableFuture.java:1792)
	at java.base/java.util.concurrent.ForkJoinTask.doExec(ForkJoinTask.java:290)
	at java.base/java.util.concurrent.ForkJoinPool$WorkQueue.topLevelExec(ForkJoinPool.java:1016)
	at java.base/java.util.concurrent.ForkJoinPool.scan(ForkJoinPool.java:1665)
	at java.base/java.util.concurrent.ForkJoinPool.runWorker(ForkJoinPool.java:1598)
	at java.base/java.util.concurrent.ForkJoinWorkerThread.run(ForkJoinWorkerThread.java:183)
Caused by: java.io.IOException: Stream closed
	at java.base/java.lang.ProcessBuilder$NullOutputStream.write(ProcessBuilder.java:442)
	at java.base/java.io.OutputStream.write(OutputStream.java:162)
	at java.base/java.io.BufferedOutputStream.flushBuffer(BufferedOutputStream.java:81)
	at java.base/java.io.BufferedOutputStream.flush(BufferedOutputStream.java:142)
	at org.eclipse.lsp4j.jsonrpc.json.StreamMessageConsumer.consume(StreamMessageConsumer.java:69)
	... 13 more

